2021-08-05 00:02:55,013 DEBUG    root            Loaded Command Group: ['gcloud', 'compute']
2021-08-05 00:02:55,130 DEBUG    root            Loaded Command Group: ['gcloud', 'compute', 'instances']
2021-08-05 00:02:55,168 DEBUG    root            Loaded Command Group: ['gcloud', 'compute', 'instances', 'list']
2021-08-05 00:02:55,181 DEBUG    root            Running [gcloud.compute.instances.list] with arguments: []
2021-08-05 00:02:55,199 DEBUG    google.auth.transport.requests Making request: GET http://metadata.google.internal/computeMetadata/v1/instance/service-accounts/416357049773-compute@developer.gserviceaccount.com/?recursive=true
2021-08-05 00:02:55,202 DEBUG    urllib3.connectionpool Starting new HTTP connection (1): metadata.google.internal:80
2021-08-05 00:02:55,205 DEBUG    urllib3.connectionpool http://metadata.google.internal:80 "GET /computeMetadata/v1/instance/service-accounts/416357049773-compute@developer.gserviceaccount.com/?recursive=true HTTP/1.1" 200 142
2021-08-05 00:02:55,206 DEBUG    google.auth.transport.requests Making request: GET http://metadata.google.internal/computeMetadata/v1/instance/service-accounts/416357049773-compute@developer.gserviceaccount.com/token
2021-08-05 00:02:55,209 DEBUG    urllib3.connectionpool http://metadata.google.internal:80 "GET /computeMetadata/v1/instance/service-accounts/416357049773-compute@developer.gserviceaccount.com/token HTTP/1.1" 200 249
2021-08-05 00:02:55,228 DEBUG    google.auth.transport.requests Making request: GET http://metadata.google.internal/computeMetadata/v1/instance/service-accounts/416357049773-compute@developer.gserviceaccount.com/?recursive=true
2021-08-05 00:02:55,230 DEBUG    urllib3.connectionpool Starting new HTTP connection (1): metadata.google.internal:80
2021-08-05 00:02:55,233 DEBUG    urllib3.connectionpool http://metadata.google.internal:80 "GET /computeMetadata/v1/instance/service-accounts/416357049773-compute@developer.gserviceaccount.com/?recursive=true HTTP/1.1" 200 142
2021-08-05 00:02:55,234 DEBUG    google.auth.transport.requests Making request: GET http://metadata.google.internal/computeMetadata/v1/instance/service-accounts/416357049773-compute@developer.gserviceaccount.com/token
2021-08-05 00:02:55,237 DEBUG    urllib3.connectionpool http://metadata.google.internal:80 "GET /computeMetadata/v1/instance/service-accounts/416357049773-compute@developer.gserviceaccount.com/token HTTP/1.1" 200 249
2021-08-05 00:02:55,540 INFO     root            Display format: "    table(
      name,
      zone.basename(),
      machineType.machine_type().basename(),
      scheduling.preemptible.yesno(yes=true, no=''),
      networkInterfaces[].networkIP.notnull().list():label=INTERNAL_IP,
      networkInterfaces[].accessConfigs[0].natIP.notnull().list()      :label=EXTERNAL_IP,
      status
    )"
2021-08-05 00:02:55,546 DEBUG    urllib3.connectionpool Starting new HTTPS connection (1): compute.googleapis.com:443
2021-08-05 00:02:55,875 DEBUG    urllib3.connectionpool https://compute.googleapis.com:443 "POST /batch/compute/v1 HTTP/1.1" 200 None
2021-08-05 00:02:55,919 INFO     root            cache collection=compute.instances api_version=v1 params=['project', 'zone', 'instance']
2021-08-05 00:02:55,965 INFO     ___FILE_ONLY___ NAME
2021-08-05 00:02:55,966 INFO     ___FILE_ONLY___                                                  
2021-08-05 00:02:55,966 INFO     ___FILE_ONLY___ ZONE
2021-08-05 00:02:55,966 INFO     ___FILE_ONLY___         
2021-08-05 00:02:55,967 INFO     ___FILE_ONLY___ MACHINE_TYPE
2021-08-05 00:02:55,967 INFO     ___FILE_ONLY___     
2021-08-05 00:02:55,967 INFO     ___FILE_ONLY___ PREEMPTIBLE
2021-08-05 00:02:55,967 INFO     ___FILE_ONLY___   
2021-08-05 00:02:55,967 INFO     ___FILE_ONLY___ INTERNAL_IP
2021-08-05 00:02:55,967 INFO     ___FILE_ONLY___    
2021-08-05 00:02:55,967 INFO     ___FILE_ONLY___ EXTERNAL_IP
2021-08-05 00:02:55,967 INFO     ___FILE_ONLY___   
2021-08-05 00:02:55,968 INFO     ___FILE_ONLY___ STATUS
2021-08-05 00:02:55,968 INFO     ___FILE_ONLY___ 

2021-08-05 00:02:55,968 INFO     ___FILE_ONLY___ gke-gtlc-cluster-1-clon-dev-db-pool-1-1607bf10-46x1
2021-08-05 00:02:55,968 INFO     ___FILE_ONLY___   
2021-08-05 00:02:55,968 INFO     ___FILE_ONLY___ us-east4-a
2021-08-05 00:02:55,968 INFO     ___FILE_ONLY___   
2021-08-05 00:02:55,968 INFO     ___FILE_ONLY___ n2-highcpu-16
2021-08-05 00:02:55,968 INFO     ___FILE_ONLY___                 
2021-08-05 00:02:55,968 INFO     ___FILE_ONLY___ 172.16.1.14
2021-08-05 00:02:55,968 INFO     ___FILE_ONLY___                 
2021-08-05 00:02:55,969 INFO     ___FILE_ONLY___ RUNNING
2021-08-05 00:02:55,969 INFO     ___FILE_ONLY___ 

2021-08-05 00:02:55,969 INFO     ___FILE_ONLY___ gke-gtlc-cluster-1-clone-1-dev-pool-1-584f99a1-jkjg
2021-08-05 00:02:55,969 INFO     ___FILE_ONLY___   
2021-08-05 00:02:55,969 INFO     ___FILE_ONLY___ us-east4-a
2021-08-05 00:02:55,969 INFO     ___FILE_ONLY___   
2021-08-05 00:02:55,969 INFO     ___FILE_ONLY___ n2-standard-16
2021-08-05 00:02:55,969 INFO     ___FILE_ONLY___                
2021-08-05 00:02:55,969 INFO     ___FILE_ONLY___ 172.16.1.17
2021-08-05 00:02:55,969 INFO     ___FILE_ONLY___                 
2021-08-05 00:02:55,969 INFO     ___FILE_ONLY___ RUNNING
2021-08-05 00:02:55,969 INFO     ___FILE_ONLY___ 

2021-08-05 00:02:55,970 INFO     ___FILE_ONLY___ jumphost-1
2021-08-05 00:02:55,970 INFO     ___FILE_ONLY___                                            
2021-08-05 00:02:55,970 INFO     ___FILE_ONLY___ us-east4-b
2021-08-05 00:02:55,970 INFO     ___FILE_ONLY___   
2021-08-05 00:02:55,970 INFO     ___FILE_ONLY___ e2-small
2021-08-05 00:02:55,970 INFO     ___FILE_ONLY___                      
2021-08-05 00:02:55,970 INFO     ___FILE_ONLY___ 172.17.2.242
2021-08-05 00:02:55,970 INFO     ___FILE_ONLY___                
2021-08-05 00:02:55,970 INFO     ___FILE_ONLY___ RUNNING
2021-08-05 00:02:55,970 INFO     ___FILE_ONLY___ 

