2021-08-05 00:46:12,273 DEBUG    root            Loaded Command Group: ['gcloud', 'config']
2021-08-05 00:46:12,276 DEBUG    root            Loaded Command Group: ['gcloud', 'config', 'config_helper']
2021-08-05 00:46:12,278 DEBUG    root            Running [gcloud.config.config-helper] with arguments: [--format: "json"]
2021-08-05 00:46:12,295 DEBUG    google.auth.transport.requests Making request: GET http://metadata.google.internal/computeMetadata/v1/instance/service-accounts/416357049773-compute@developer.gserviceaccount.com/?recursive=true
2021-08-05 00:46:12,298 DEBUG    urllib3.connectionpool Starting new HTTP connection (1): metadata.google.internal:80
2021-08-05 00:46:12,301 DEBUG    urllib3.connectionpool http://metadata.google.internal:80 "GET /computeMetadata/v1/instance/service-accounts/416357049773-compute@developer.gserviceaccount.com/?recursive=true HTTP/1.1" 200 142
2021-08-05 00:46:12,302 DEBUG    google.auth.transport.requests Making request: GET http://metadata.google.internal/computeMetadata/v1/instance/service-accounts/416357049773-compute@developer.gserviceaccount.com/token
2021-08-05 00:46:12,305 DEBUG    urllib3.connectionpool http://metadata.google.internal:80 "GET /computeMetadata/v1/instance/service-accounts/416357049773-compute@developer.gserviceaccount.com/token HTTP/1.1" 200 251
2021-08-05 00:46:12,332 INFO     root            Display format: "default json"
2021-08-05 00:46:12,333 INFO     ___FILE_ONLY___ {
  "configuration": {
    "active_configuration": "default",
    "properties": {
      "core": {
        "account": "416357049773-compute@developer.gserviceaccount.com",
        "disable_usage_reporting": "True",
        "project": "sap-gtlc-devops"
      }
    }
  },
  "credential": {
    "access_token": "ya29.c.Ko8BCggPrv10fjl0F0EZhCQX6HUGUXJVjS3PIR1lB96S8KAk11Rd6ByMfOEk31H2GnQCIT_PkL2mLZZerYKDRBRZEWsq0rIq7R-DNOSArKTOeMUAVmpmDe59OvVgx1OikGEBdSS6hRa30EyEgGvcLxUEgZ0B_7DCzw-ihhn4A23K78QJR33oLo6NGJLbtcISOVk",
    "id_token": "eyJhbGciOiJSUzI1NiIsImtpZCI6IjBmY2MwMTRmMjI5MzRlNDc0ODBkYWYxMDdhMzQwYzIyYmQyNjJiNmMiLCJ0eXAiOiJKV1QifQ.eyJhdWQiOiIzMjU1NTk0MDU1OS5hcHBzLmdvb2dsZXVzZXJjb250ZW50LmNvbSIsImF6cCI6IjExMzAwMzQ4Mzk0MzM0ODk1MDEzMyIsImV4cCI6MTYyODEyNzk3MiwiaWF0IjoxNjI4MTI0MzcyLCJpc3MiOiJodHRwczovL2FjY291bnRzLmdvb2dsZS5jb20iLCJzdWIiOiIxMTMwMDM0ODM5NDMzNDg5NTAxMzMifQ.KsktXnj2jXrhqHBh4jQYVlQckOjJPAO1p7BW8drxt64E17NwAulkvGHoEHpQAZwolQVdoX8nci9mt-P94c-7oM8t_1JqtKKoStEnzdt1lWyrlnYriOiZrNWLRnmdCRZSz9SRFR2CneLVGCNwb37tSOnFDnMGg1YyVf_JHYEQmQiZgpzoACERBdMwjT6Prkyk9rnFvFrUOam4cTl_518VeL9pyPC2n5KnZgRczD4VYAbQR1XcYx-ePBRd_cVrImIC9F9cUAJ5dCCOFs5Nqera9wlUGtabjmKZwqSHflZEPnG-ViImM_wr9OHlIybaEGoDxd4SZPDKMl4mnG0SVtlseg",
    "token_expiry": "2021-08-05T01:45:53Z"
  },
  "sentinels": {
    "config_sentinel": "/home/young_song/.config/gcloud/config_sentinel"
  }
}
2021-08-05 00:46:12,333 INFO     ___FILE_ONLY___ 

