2021-08-05 23:58:28,084 DEBUG    root            Loaded Command Group: ['gcloud', 'config']
2021-08-05 23:58:28,086 DEBUG    root            Loaded Command Group: ['gcloud', 'config', 'config_helper']
2021-08-05 23:58:28,089 DEBUG    root            Running [gcloud.config.config-helper] with arguments: [--format: "json"]
2021-08-05 23:58:28,106 DEBUG    google.auth.transport.requests Making request: GET http://metadata.google.internal/computeMetadata/v1/instance/service-accounts/416357049773-compute@developer.gserviceaccount.com/?recursive=true
2021-08-05 23:58:28,110 DEBUG    urllib3.connectionpool Starting new HTTP connection (1): metadata.google.internal:80
2021-08-05 23:58:28,112 DEBUG    urllib3.connectionpool http://metadata.google.internal:80 "GET /computeMetadata/v1/instance/service-accounts/416357049773-compute@developer.gserviceaccount.com/?recursive=true HTTP/1.1" 200 142
2021-08-05 23:58:28,113 DEBUG    google.auth.transport.requests Making request: GET http://metadata.google.internal/computeMetadata/v1/instance/service-accounts/416357049773-compute@developer.gserviceaccount.com/token
2021-08-05 23:58:28,116 DEBUG    urllib3.connectionpool http://metadata.google.internal:80 "GET /computeMetadata/v1/instance/service-accounts/416357049773-compute@developer.gserviceaccount.com/token HTTP/1.1" 200 258
2021-08-05 23:58:28,139 INFO     root            Display format: "default json"
2021-08-05 23:58:28,140 INFO     ___FILE_ONLY___ {
  "configuration": {
    "active_configuration": "default",
    "properties": {
      "core": {
        "account": "416357049773-compute@developer.gserviceaccount.com",
        "disable_usage_reporting": "True",
        "project": "sap-gtlc-devops"
      }
    }
  },
  "credential": {
    "access_token": "ya29.c.Ko8BCwhx0btG2OTD4l61SRO6Vbw1WE9_o4AN63IMgqbYXIuzbKeoAOaU0zr-rGGQg8N7cgyXqskr8CvEMUi2Ar5596Pc_tx4q43uw3qFYGk6xW3tqPUOJt3-dMTke6D7ghMIRG3mn8rMdF5yctDs3jJCh1iXxq9H2xTbBzySqQo4YsjiNgUQyTCyouo3lshy73E....................................................................................................................................................................................................................................................................................................................................................................................................................................................................................................................................................................................................................................................................................................................................................................................................................",
    "id_token": "eyJhbGciOiJSUzI1NiIsImtpZCI6IjBmY2MwMTRmMjI5MzRlNDc0ODBkYWYxMDdhMzQwYzIyYmQyNjJiNmMiLCJ0eXAiOiJKV1QifQ.eyJhdWQiOiIzMjU1NTk0MDU1OS5hcHBzLmdvb2dsZXVzZXJjb250ZW50LmNvbSIsImF6cCI6IjExMzAwMzQ4Mzk0MzM0ODk1MDEzMyIsImV4cCI6MTYyODIxMTUwOCwiaWF0IjoxNjI4MjA3OTA4LCJpc3MiOiJodHRwczovL2FjY291bnRzLmdvb2dsZS5jb20iLCJzdWIiOiIxMTMwMDM0ODM5NDMzNDg5NTAxMzMifQ.nq02of1cCEJr29DnJvwN6TxkCS3ZShLrqSBbbKvI5QrsDcx1XmCvWEXUbllN2s1QQG88-tXjMqhoxOG0wjTe6Ykygz-3rKpBCNrUMD9k9nlOI_AwgdlZXsUngGjkVTXmtAAIOXrEpKzPz3D_MKWy7WKri8y5EBuSNaczMSkfl6v_xm3yIAD8qFzeoZQEvaDpd_qiEGMEApb6chilkE5ZVXMbWqYgePCQh1amyrWjdMg2LmAFUrz05fYQVE-oCuW6JWNPTNUr9d5t51L-SxH3Z0bTHtJoRF8sp11uAglmb7poT5ICN-1k9FqOcCmoRdtEX_9UTLDODa69vKk_nWfUiw",
    "token_expiry": "2021-08-06T00:57:24Z"
  },
  "sentinels": {
    "config_sentinel": "/home/young_song/.config/gcloud/config_sentinel"
  }
}
2021-08-05 23:58:28,140 INFO     ___FILE_ONLY___ 

