2021-08-04 23:10:41,759 DEBUG    root            Loaded Command Group: ['gcloud', 'config']
2021-08-04 23:10:41,761 DEBUG    root            Loaded Command Group: ['gcloud', 'config', 'config_helper']
2021-08-04 23:10:41,764 DEBUG    root            Running [gcloud.config.config-helper] with arguments: [--format: "json"]
2021-08-04 23:10:41,782 DEBUG    google.auth.transport.requests Making request: GET http://metadata.google.internal/computeMetadata/v1/instance/service-accounts/416357049773-compute@developer.gserviceaccount.com/?recursive=true
2021-08-04 23:10:41,786 DEBUG    urllib3.connectionpool Starting new HTTP connection (1): metadata.google.internal:80
2021-08-04 23:10:41,789 DEBUG    urllib3.connectionpool http://metadata.google.internal:80 "GET /computeMetadata/v1/instance/service-accounts/416357049773-compute@developer.gserviceaccount.com/?recursive=true HTTP/1.1" 200 142
2021-08-04 23:10:41,790 DEBUG    google.auth.transport.requests Making request: GET http://metadata.google.internal/computeMetadata/v1/instance/service-accounts/416357049773-compute@developer.gserviceaccount.com/token
2021-08-04 23:10:41,794 DEBUG    urllib3.connectionpool http://metadata.google.internal:80 "GET /computeMetadata/v1/instance/service-accounts/416357049773-compute@developer.gserviceaccount.com/token HTTP/1.1" 200 250
2021-08-04 23:10:41,826 INFO     root            Display format: "default json"
2021-08-04 23:10:41,828 INFO     ___FILE_ONLY___ {
  "configuration": {
    "active_configuration": "default",
    "properties": {
      "core": {
        "account": "416357049773-compute@developer.gserviceaccount.com",
        "disable_usage_reporting": "True",
        "project": "sap-gtlc-devops"
      }
    }
  },
  "credential": {
    "access_token": "ya29.c.Ko8BCgiWqFSy5e-aA5fmOtGvt-fqQbXs6MoK64wZEScARQfH0EQhZMrR2wc65shFdpXkDUicEcpmpBR5JS1v_9CGPXpP-GSRT9FnluqSD084u_uo-vybKoswC820EZJzfH7RShjVser_9HBo0tqO5Ly2hh-arRBWYSBTIyefXGcg2GLa-wo5OjrA0JxR6qDATJQ",
    "id_token": "eyJhbGciOiJSUzI1NiIsImtpZCI6IjBmY2MwMTRmMjI5MzRlNDc0ODBkYWYxMDdhMzQwYzIyYmQyNjJiNmMiLCJ0eXAiOiJKV1QifQ.eyJhdWQiOiIzMjU1NTk0MDU1OS5hcHBzLmdvb2dsZXVzZXJjb250ZW50LmNvbSIsImF6cCI6IjExMzAwMzQ4Mzk0MzM0ODk1MDEzMyIsImV4cCI6MTYyODEyMjI0MSwiaWF0IjoxNjI4MTE4NjQxLCJpc3MiOiJodHRwczovL2FjY291bnRzLmdvb2dsZS5jb20iLCJzdWIiOiIxMTMwMDM0ODM5NDMzNDg5NTAxMzMifQ.sm2yZPXw60NyzumBbNQmYyi_xoAWATGMK0VuDSrZfwY6JlgQ4r245_NjGRxsZv6HqWtl_aFMOFwxWh0Om4CiN16tWHg-DwvdUl1EIXz6yRpSxdHsZMgmoL81Bunczm5GcI71Y0leC5d4dZqdrBuRAogFSoy7jNr0pvVOjEmlQMWKASvcPDniWS_Fat5kJDFSs7MDF8stSBMsPyUo1n8R3OXCiJxheK7ymV0M_D7VF645IBppUo22I3UANuOCZapkBxWzHuBbbqCanqPb4Uk0WiZgLRv1Lj6_WeRApCyzzCaOYBM4Zsreo6KCrllzmw0czUz9tGXnqubL_Vhk-rtb6Q",
    "token_expiry": "2021-08-05T00:07:14Z"
  },
  "sentinels": {
    "config_sentinel": "/home/young_song/.config/gcloud/config_sentinel"
  }
}
2021-08-04 23:10:41,828 INFO     ___FILE_ONLY___ 

