2021-08-04 23:10:05,788 DEBUG    root            Loaded Command Group: ['gcloud', 'container']
2021-08-04 23:10:05,792 DEBUG    root            Loaded Command Group: ['gcloud', 'container', 'clusters']
2021-08-04 23:10:05,796 DEBUG    root            Loaded Command Group: ['gcloud', 'container', 'clusters', 'list']
2021-08-04 23:10:05,824 DEBUG    google.auth.transport.requests Making request: GET http://metadata.google.internal/computeMetadata/v1/instance/service-accounts/416357049773-compute@developer.gserviceaccount.com/?recursive=true
2021-08-04 23:10:05,827 DEBUG    urllib3.connectionpool Starting new HTTP connection (1): metadata.google.internal:80
2021-08-04 23:10:05,830 DEBUG    urllib3.connectionpool http://metadata.google.internal:80 "GET /computeMetadata/v1/instance/service-accounts/416357049773-compute@developer.gserviceaccount.com/?recursive=true HTTP/1.1" 200 142
2021-08-04 23:10:05,831 DEBUG    google.auth.transport.requests Making request: GET http://metadata.google.internal/computeMetadata/v1/instance/service-accounts/416357049773-compute@developer.gserviceaccount.com/token
2021-08-04 23:10:05,835 DEBUG    urllib3.connectionpool http://metadata.google.internal:80 "GET /computeMetadata/v1/instance/service-accounts/416357049773-compute@developer.gserviceaccount.com/token HTTP/1.1" 200 250
2021-08-04 23:10:05,869 DEBUG    google.auth.transport.requests Making request: GET http://metadata.google.internal/computeMetadata/v1/instance/service-accounts/416357049773-compute@developer.gserviceaccount.com/?recursive=true
2021-08-04 23:10:05,871 DEBUG    urllib3.connectionpool Starting new HTTP connection (1): metadata.google.internal:80
2021-08-04 23:10:05,874 DEBUG    urllib3.connectionpool http://metadata.google.internal:80 "GET /computeMetadata/v1/instance/service-accounts/416357049773-compute@developer.gserviceaccount.com/?recursive=true HTTP/1.1" 200 142
2021-08-04 23:10:05,875 DEBUG    google.auth.transport.requests Making request: GET http://metadata.google.internal/computeMetadata/v1/instance/service-accounts/416357049773-compute@developer.gserviceaccount.com/token
2021-08-04 23:10:05,879 DEBUG    urllib3.connectionpool http://metadata.google.internal:80 "GET /computeMetadata/v1/instance/service-accounts/416357049773-compute@developer.gserviceaccount.com/token HTTP/1.1" 200 250
2021-08-04 23:10:05,906 DEBUG    root            Running [gcloud.container.clusters.list] with arguments: []
2021-08-04 23:10:06,289 INFO     root            Display format: "
    table(
        name,
        zone:label=LOCATION,
        master_version():label=MASTER_VERSION,
        endpoint:label=MASTER_IP,
        nodePools[0].config.machineType,
        currentNodeVersion:label=NODE_VERSION,
        firstof(currentNodeCount,initialNodeCount):label=NUM_NODES,
        status
    )
"
2021-08-04 23:10:06,296 INFO     ___FILE_ONLY___ NAME
2021-08-04 23:10:06,296 INFO     ___FILE_ONLY___                     
2021-08-04 23:10:06,296 INFO     ___FILE_ONLY___ LOCATION
2021-08-04 23:10:06,296 INFO     ___FILE_ONLY___     
2021-08-04 23:10:06,297 INFO     ___FILE_ONLY___ MASTER_VERSION
2021-08-04 23:10:06,297 INFO     ___FILE_ONLY___   
2021-08-04 23:10:06,297 INFO     ___FILE_ONLY___ MASTER_IP
2021-08-04 23:10:06,297 INFO     ___FILE_ONLY___      
2021-08-04 23:10:06,297 INFO     ___FILE_ONLY___ MACHINE_TYPE
2021-08-04 23:10:06,297 INFO     ___FILE_ONLY___     
2021-08-04 23:10:06,297 INFO     ___FILE_ONLY___ NODE_VERSION
2021-08-04 23:10:06,297 INFO     ___FILE_ONLY___     
2021-08-04 23:10:06,297 INFO     ___FILE_ONLY___ NUM_NODES
2021-08-04 23:10:06,297 INFO     ___FILE_ONLY___   
2021-08-04 23:10:06,297 INFO     ___FILE_ONLY___ STATUS
2021-08-04 23:10:06,297 INFO     ___FILE_ONLY___ 

2021-08-04 23:10:06,297 INFO     ___FILE_ONLY___ gtlc-cluster-1-clone-1
2021-08-04 23:10:06,298 INFO     ___FILE_ONLY___   
2021-08-04 23:10:06,298 INFO     ___FILE_ONLY___ us-east4-a
2021-08-04 23:10:06,298 INFO     ___FILE_ONLY___   
2021-08-04 23:10:06,298 INFO     ___FILE_ONLY___ 1.20.8-gke.700
2021-08-04 23:10:06,298 INFO     ___FILE_ONLY___   
2021-08-04 23:10:06,298 INFO     ___FILE_ONLY___ 172.17.1.242
2021-08-04 23:10:06,298 INFO     ___FILE_ONLY___   
2021-08-04 23:10:06,298 INFO     ___FILE_ONLY___ n2-standard-16
2021-08-04 23:10:06,298 INFO     ___FILE_ONLY___   
2021-08-04 23:10:06,298 INFO     ___FILE_ONLY___ 1.20.8-gke.700
2021-08-04 23:10:06,298 INFO     ___FILE_ONLY___   
2021-08-04 23:10:06,298 INFO     ___FILE_ONLY___ 3
2021-08-04 23:10:06,298 INFO     ___FILE_ONLY___           
2021-08-04 23:10:06,298 INFO     ___FILE_ONLY___ RUNNING
2021-08-04 23:10:06,299 INFO     ___FILE_ONLY___ 

