2021-08-04 23:13:55,092 DEBUG    root            Loaded Command Group: ['gcloud', 'config']
2021-08-04 23:13:55,094 DEBUG    root            Loaded Command Group: ['gcloud', 'config', 'config_helper']
2021-08-04 23:13:55,096 DEBUG    root            Running [gcloud.config.config-helper] with arguments: [--format: "json"]
2021-08-04 23:13:55,114 DEBUG    google.auth.transport.requests Making request: GET http://metadata.google.internal/computeMetadata/v1/instance/service-accounts/416357049773-compute@developer.gserviceaccount.com/?recursive=true
2021-08-04 23:13:55,118 DEBUG    urllib3.connectionpool Starting new HTTP connection (1): metadata.google.internal:80
2021-08-04 23:13:55,121 DEBUG    urllib3.connectionpool http://metadata.google.internal:80 "GET /computeMetadata/v1/instance/service-accounts/416357049773-compute@developer.gserviceaccount.com/?recursive=true HTTP/1.1" 200 142
2021-08-04 23:13:55,122 DEBUG    google.auth.transport.requests Making request: GET http://metadata.google.internal/computeMetadata/v1/instance/service-accounts/416357049773-compute@developer.gserviceaccount.com/token
2021-08-04 23:13:55,126 DEBUG    urllib3.connectionpool http://metadata.google.internal:80 "GET /computeMetadata/v1/instance/service-accounts/416357049773-compute@developer.gserviceaccount.com/token HTTP/1.1" 200 250
2021-08-04 23:13:55,148 INFO     root            Display format: "default json"
2021-08-04 23:13:55,150 INFO     ___FILE_ONLY___ {
  "configuration": {
    "active_configuration": "default",
    "properties": {
      "core": {
        "account": "416357049773-compute@developer.gserviceaccount.com",
        "disable_usage_reporting": "True",
        "project": "sap-gtlc-devops"
      }
    }
  },
  "credential": {
    "access_token": "ya29.c.Ko8BCgiWqFSy5e-aA5fmOtGvt-fqQbXs6MoK64wZEScARQfH0EQhZMrR2wc65shFdpXkDUicEcpmpBR5JS1v_9CGPXpP-GSRT9FnluqSD084u_uo-vybKoswC820EZJzfH7RShjVser_9HBo0tqO5Ly2hh-arRBWYSBTIyefXGcg2GLa-wo5OjrA0JxR6qDATJQ",
    "id_token": "eyJhbGciOiJSUzI1NiIsImtpZCI6IjBmY2MwMTRmMjI5MzRlNDc0ODBkYWYxMDdhMzQwYzIyYmQyNjJiNmMiLCJ0eXAiOiJKV1QifQ.eyJhdWQiOiIzMjU1NTk0MDU1OS5hcHBzLmdvb2dsZXVzZXJjb250ZW50LmNvbSIsImF6cCI6IjExMzAwMzQ4Mzk0MzM0ODk1MDEzMyIsImV4cCI6MTYyODEyMjQzNSwiaWF0IjoxNjI4MTE4ODM1LCJpc3MiOiJodHRwczovL2FjY291bnRzLmdvb2dsZS5jb20iLCJzdWIiOiIxMTMwMDM0ODM5NDMzNDg5NTAxMzMifQ.HReEMJak4on-aMRN-BFlF_j6CgBCYnXC9qmFW2in4inWk80XE4Wrc1kgA7qg4APBTxXrasPwITpwgWKht9PcEEMP2PdPQ3NF5ZjGZbrKlkr1RADf4uoPtTahU2q54Vy3F0gYSppISN4Nqgac9Ulmyf3N2WrhvLYBChMm8C8Dc3vVbtP8KoSGfSIzoRtduej7-3Ia33xGFf7lARibB8LbcDOzFoDqSnTV2ibO8kohjijszO5WeZEoizfcgAtMLuQHIMsTY68ueCblaUBvKdABfArlE22s6HuCSB8n0P_k4GxQvMviSoCspbYdFcmo9BrbPFTpKqJrI_GPL3SXqS1Olw",
    "token_expiry": "2021-08-05T00:07:14Z"
  },
  "sentinels": {
    "config_sentinel": "/home/young_song/.config/gcloud/config_sentinel"
  }
}
2021-08-04 23:13:55,150 INFO     ___FILE_ONLY___ 

