2021-08-04 23:11:37,364 DEBUG    root            Loaded Command Group: ['gcloud', 'config']
2021-08-04 23:11:37,366 DEBUG    root            Loaded Command Group: ['gcloud', 'config', 'config_helper']
2021-08-04 23:11:37,369 DEBUG    root            Running [gcloud.config.config-helper] with arguments: [--format: "json"]
2021-08-04 23:11:37,387 DEBUG    google.auth.transport.requests Making request: GET http://metadata.google.internal/computeMetadata/v1/instance/service-accounts/416357049773-compute@developer.gserviceaccount.com/?recursive=true
2021-08-04 23:11:37,390 DEBUG    urllib3.connectionpool Starting new HTTP connection (1): metadata.google.internal:80
2021-08-04 23:11:37,394 DEBUG    urllib3.connectionpool http://metadata.google.internal:80 "GET /computeMetadata/v1/instance/service-accounts/416357049773-compute@developer.gserviceaccount.com/?recursive=true HTTP/1.1" 200 142
2021-08-04 23:11:37,395 DEBUG    google.auth.transport.requests Making request: GET http://metadata.google.internal/computeMetadata/v1/instance/service-accounts/416357049773-compute@developer.gserviceaccount.com/token
2021-08-04 23:11:37,398 DEBUG    urllib3.connectionpool http://metadata.google.internal:80 "GET /computeMetadata/v1/instance/service-accounts/416357049773-compute@developer.gserviceaccount.com/token HTTP/1.1" 200 250
2021-08-04 23:11:37,428 INFO     root            Display format: "default json"
2021-08-04 23:11:37,429 INFO     ___FILE_ONLY___ {
  "configuration": {
    "active_configuration": "default",
    "properties": {
      "core": {
        "account": "416357049773-compute@developer.gserviceaccount.com",
        "disable_usage_reporting": "True",
        "project": "sap-gtlc-devops"
      }
    }
  },
  "credential": {
    "access_token": "ya29.c.Ko8BCgiWqFSy5e-aA5fmOtGvt-fqQbXs6MoK64wZEScARQfH0EQhZMrR2wc65shFdpXkDUicEcpmpBR5JS1v_9CGPXpP-GSRT9FnluqSD084u_uo-vybKoswC820EZJzfH7RShjVser_9HBo0tqO5Ly2hh-arRBWYSBTIyefXGcg2GLa-wo5OjrA0JxR6qDATJQ",
    "id_token": "eyJhbGciOiJSUzI1NiIsImtpZCI6IjBmY2MwMTRmMjI5MzRlNDc0ODBkYWYxMDdhMzQwYzIyYmQyNjJiNmMiLCJ0eXAiOiJKV1QifQ.eyJhdWQiOiIzMjU1NTk0MDU1OS5hcHBzLmdvb2dsZXVzZXJjb250ZW50LmNvbSIsImF6cCI6IjExMzAwMzQ4Mzk0MzM0ODk1MDEzMyIsImV4cCI6MTYyODEyMjI5NywiaWF0IjoxNjI4MTE4Njk3LCJpc3MiOiJodHRwczovL2FjY291bnRzLmdvb2dsZS5jb20iLCJzdWIiOiIxMTMwMDM0ODM5NDMzNDg5NTAxMzMifQ.s9xAdXjIssMqeeiQDqQiGGz5QFxOPiDMdQlgBD2MziwSpzztKs6yIGg92EZoxu8e7J07nk0gTjREDIHIkPzyxr08HubDDRz05uftceqtTn8LBEgZcWzfrG7pxHEUUewNhrRzZoKmBdB3ys6S7SDAAlCmgDab1o5ojLqwyt8KZ1HWR9WB1gGrHm2Y9UYU7Qzx1AAWDvn2jq3T55o4BWV79LoJenztAt2lBuhBLpuJDJVGIzXqD8OXWGipIT2hklvfDWTEoTUR6oODoRIvCUfeNEM5TtMGwdaleU1FQM_eK0HM67O21j-tuXhhNEpH40glG4d5Dy5WiFaPFOprketkxQ",
    "token_expiry": "2021-08-05T00:07:14Z"
  },
  "sentinels": {
    "config_sentinel": "/home/young_song/.config/gcloud/config_sentinel"
  }
}
2021-08-04 23:11:37,429 INFO     ___FILE_ONLY___ 

