2021-08-12 21:34:00,097 DEBUG    root            Loaded Command Group: ['gcloud', 'config']
2021-08-12 21:34:00,099 DEBUG    root            Loaded Command Group: ['gcloud', 'config', 'config_helper']
2021-08-12 21:34:00,102 DEBUG    root            Running [gcloud.config.config-helper] with arguments: [--format: "json"]
2021-08-12 21:34:00,122 DEBUG    google.auth.transport.requests Making request: GET http://metadata.google.internal/computeMetadata/v1/instance/service-accounts/416357049773-compute@developer.gserviceaccount.com/?recursive=true
2021-08-12 21:34:00,125 DEBUG    urllib3.connectionpool Starting new HTTP connection (1): metadata.google.internal:80
2021-08-12 21:34:00,128 DEBUG    urllib3.connectionpool http://metadata.google.internal:80 "GET /computeMetadata/v1/instance/service-accounts/416357049773-compute@developer.gserviceaccount.com/?recursive=true HTTP/1.1" 200 142
2021-08-12 21:34:00,129 DEBUG    google.auth.transport.requests Making request: GET http://metadata.google.internal/computeMetadata/v1/instance/service-accounts/416357049773-compute@developer.gserviceaccount.com/token
2021-08-12 21:34:00,157 DEBUG    urllib3.connectionpool http://metadata.google.internal:80 "GET /computeMetadata/v1/instance/service-accounts/416357049773-compute@developer.gserviceaccount.com/token HTTP/1.1" 200 260
2021-08-12 21:34:00,183 INFO     root            Display format: "default json"
2021-08-12 21:34:00,185 INFO     ___FILE_ONLY___ {
  "configuration": {
    "active_configuration": "default",
    "properties": {
      "core": {
        "account": "416357049773-compute@developer.gserviceaccount.com",
        "disable_usage_reporting": "True",
        "project": "sap-gtlc-devops"
      }
    }
  },
  "credential": {
    "access_token": "ya29.c.Ko8BDAinCn-Js34IQJY9x0gcEbk6sYsnP7EzvD-wxQByQNpmtqmu1ObFLojuV-prfcZzRuIsZpMgq5hYNlv5duuaJ1iW4Po3YGoLwgAniwPpjpHN1Y5cgl4pWWx9zmrZ26Kj6cUsJPS85BnHiSSc2O_SHgbtZzrCf4v8wiS6RfMj3Rk5Wz7_b2fgKmg08fdQ36A....................................................................................................................................................................................................................................................................................................................................................................................................................................................................................................................................................................................................................................................................................................................................................................................................................",
    "id_token": "eyJhbGciOiJSUzI1NiIsImtpZCI6IjQ2Mjk0OTE3NGYxZWVkZjRmOWY5NDM0ODc3YmU0ODNiMzI0MTQwZjUiLCJ0eXAiOiJKV1QifQ.eyJhdWQiOiIzMjU1NTk0MDU1OS5hcHBzLmdvb2dsZXVzZXJjb250ZW50LmNvbSIsImF6cCI6IjExMzAwMzQ4Mzk0MzM0ODk1MDEzMyIsImV4cCI6MTYyODgwNzY0MCwiaWF0IjoxNjI4ODA0MDQwLCJpc3MiOiJodHRwczovL2FjY291bnRzLmdvb2dsZS5jb20iLCJzdWIiOiIxMTMwMDM0ODM5NDMzNDg5NTAxMzMifQ.x3BHQqq8da1gQVYphmEHCOJzVKUqJGW07UlrL73tWKeuc4ouq4ZEypUzCLiCO4pBFW-6S0HjRIdcljVc-TJfTUxILMFs4RsiyZr2_yy7DUhkHgRbpnXh041z6QlAP1pmXVu4pBfLjefGlG4SFKfYztU_-qDfGGe6IY9Qd3_zFOdqGonN9NU5HKKUCLnPnTx0zBv3_5ogZcPUGlHEBmDYfHE7E-Uj3P4o4Seeti4J37K8BCI7PZ3GeCvJs8JgLBHiQC6mrfMBm04BEIv-zuIUYkNBKp4CqL56pzhpm5OsMqrk1J9jE8RIZi7OyPDNMF7HUFM6Qj_vi1zrt12g_y3HNA",
    "token_expiry": "2021-08-12T22:33:59Z"
  },
  "sentinels": {
    "config_sentinel": "/home/young_song/.config/gcloud/config_sentinel"
  }
}
2021-08-12 21:34:00,185 INFO     ___FILE_ONLY___ 

2021-08-12 21:34:00,186 DEBUG    root            Checking for updates...
2021-08-12 21:34:00,190 DEBUG    urllib3.connectionpool Starting new HTTPS connection (1): dl.google.com:443
2021-08-12 21:34:00,544 DEBUG    urllib3.connectionpool https://dl.google.com:443 "GET /dl/cloudsdk/channels/rapid/components-2.json HTTP/1.1" 200 159482
2021-08-12 21:34:00,561 DEBUG    root            Updating notification cache...
2021-08-12 21:34:00,561 DEBUG    root            Activating notification: [default]
